<?xml version="1.0" encoding="UTF-8"?>
<!-- Generated by org.testng.reporters.JUnitReportReporter -->
<testsuite hostname="DESKTOP-B3MH5IU" failures="0" tests="1" name="com.rudsakproject.testcases.TC_loginTest_001" time="10.920" errors="0" timestamp="2021-04-09T15:17:40 IST" skipped="0">
  <testcase classname="com.rudsakproject.testcases.TC_loginTest_001" name="logintest" time="10.920"/>
  <system-out/>
</testsuite> <!-- com.rudsakproject.testcases.TC_loginTest_001 -->
