<?xml version="1.0" encoding="UTF-8"?>
<!-- Generated by org.testng.reporters.JUnitReportReporter -->
<testsuite hostname="DESKTOP-B3MH5IU" failures="0" tests="5" name="com.rudsakproject.testcases.TC_DDTlogin_002" time="19.292" errors="0" timestamp="2021-04-11T16:08:25 IST" skipped="0">
  <testcase classname="com.rudsakproject.testcases.TC_DDTlogin_002" name="LoginDDT" time="3.525"/>
  <system-out/>
  <testcase classname="com.rudsakproject.testcases.TC_DDTlogin_002" name="LoginDDT" time="4.039"/>
  <system-out/>
  <testcase classname="com.rudsakproject.testcases.TC_DDTlogin_002" name="LoginDDT" time="3.513"/>
  <system-out/>
  <testcase classname="com.rudsakproject.testcases.TC_DDTlogin_002" name="LoginDDT" time="3.401"/>
  <system-out/>
  <testcase classname="com.rudsakproject.testcases.TC_DDTlogin_002" name="LoginDDT" time="4.814"/>
  <system-out/>
</testsuite> <!-- com.rudsakproject.testcases.TC_DDTlogin_002 -->
